09:29:38,605 - [MAIN] - INFO  - Fighting.Server.FightServer - InitSocket Port:9208: True
09:29:39,781 - [MAIN] - INFO  - Fighting.Server.FightServer - Registering global event handlers: true
09:29:39,781 - [MAIN] - INFO  - Fighting.Server.FightServer - Script components: True
09:29:39,781 - [MAIN] - INFO  - Fighting.Server.FightServer - RoomMgr.Setup: True
09:29:39,781 - [MAIN] - INFO  - Fighting.Server.FightServer - GameMgr.Setup: True
09:29:45,557 - [MAIN] - INFO  - Fighting.Server.FightServer - MapMgr Init: True
09:29:46,387 - [MAIN] - INFO  - Fighting.Server.FightServer - ItemMgr Init: True
09:29:46,429 - [MAIN] - INFO  - Fighting.Server.FightServer - ItemMgr Init: True
09:29:52,341 - [MAIN] - INFO  - Fighting.Server.FightServer - BallMgr Init: True
09:29:52,392 - [MAIN] - INFO  - Fighting.Server.FightServer - BallConfigMgr Init: True
09:29:52,510 - [MAIN] - INFO  - Fighting.Server.FightServer - DropMgr Init: True
09:29:52,619 - [MAIN] - INFO  - Fighting.Server.FightServer - NPCInfoMgr Init: True
09:29:52,676 - [MAIN] - INFO  - Fighting.Server.FightServer - LanguageMgr Init: True
09:29:52,689 - [MAIN] - INFO  - Game.Logic.Spells.SpellMgr - SpellMgr: Loaded 15 spell handlers from GameServer Assembly!
09:29:52,701 - [MAIN] - INFO  - Fighting.Server.FightServer - base.Start(): True
09:29:52,721 - [MAIN] - INFO  - Fighting.Server.FightServer - GameServer is now open for connections!
09:29:58,929 - [3] - INFO  - Game.Base.BaseServer - Incoming connection from 127.0.0.1:50607
09:40:52,745 - [5] - INFO  - Game.Logic.BaseGame - Game.Logic.Actions.CheckPVPGameStateAction
09:40:52,749 - [6] - INFO  - Game.Logic.BaseGame - Game.Logic.Actions.CheckPVPGameStateAction
09:40:52,791 - [6] - INFO  - Game.Logic.BaseGame - Game.Logic.Actions.WaitPlayerLoadingAction
09:40:55,892 - [3] - INFO  - Game.Logic.BaseGame - Game.Logic.Actions.ProcessPacketAction
09:40:57,042 - [3] - INFO  - Game.Logic.BaseGame - Game.Logic.Actions.ProcessPacketAction
09:40:57,057 - [3] - INFO  - Game.Logic.BaseGame - Game.Logic.Actions.ProcessPacketAction
09:40:57,060 - [6] - INFO  - Game.Logic.BaseGame - Game.Logic.Actions.CheckPVPGameStateAction
09:40:57,061 - [6] - INFO  - Game.Logic.BaseGame - Game.Logic.Actions.CheckPVPGameStateAction
09:40:57,501 - [6] - INFO  - Game.Logic.BaseGame - Game.Logic.Actions.WaitLivingAttackingAction
09:41:01,989 - [3] - INFO  - Game.Logic.BaseGame - Game.Logic.Actions.ProcessPacketAction
09:41:05,583 - [3] - INFO  - Game.Logic.BaseGame - Game.Logic.Actions.ProcessPacketAction
09:41:05,865 - [3] - INFO  - Game.Logic.BaseGame - Game.Logic.Actions.ProcessPacketAction
09:41:09,275 - [3] - INFO  - Game.Logic.BaseGame - Game.Logic.Actions.ProcessPacketAction
09:41:09,282 - [3] - INFO  - Game.Logic.BaseGame - Game.Logic.Actions.ProcessPacketAction
09:41:09,287 - [3] - INFO  - Game.Logic.BaseGame - Game.Logic.Actions.ProcessPacketAction
09:41:10,441 - [6] - WARN  - Fighting.Server.Games.GameMgr - Room Mgr is delay -1079 ms!
09:41:14,990 - [6] - INFO  - Game.Logic.BaseGame - Game.Logic.Actions.CheckPVPGameStateAction
09:41:15,032 - [6] - INFO  - Game.Logic.BaseGame - Game.Logic.Actions.WaitLivingAttackingAction
09:41:15,300 - [3] - INFO  - Game.Logic.BaseGame - Game.Logic.Actions.ProcessPacketAction
09:41:18,165 - [3] - INFO  - Game.Logic.BaseGame - Game.Logic.Actions.ProcessPacketAction
09:41:18,253 - [3] - INFO  - Game.Logic.BaseGame - Game.Logic.Actions.ProcessPacketAction
09:41:19,079 - [3] - INFO  - Game.Logic.BaseGame - Game.Logic.Actions.ProcessPacketAction
09:41:20,138 - [3] - INFO  - Game.Logic.BaseGame - Game.Logic.Actions.ProcessPacketAction
09:41:20,146 - [3] - INFO  - Game.Logic.BaseGame - Game.Logic.Actions.ProcessPacketAction
09:41:20,150 - [3] - INFO  - Game.Logic.BaseGame - Game.Logic.Actions.ProcessPacketAction
09:41:21,168 - [3] - INFO  - Game.Logic.BaseGame - Game.Logic.Actions.ProcessPacketAction
09:41:22,170 - [3] - INFO  - Game.Logic.BaseGame - Game.Logic.Actions.ProcessPacketAction
09:41:22,601 - [6] - WARN  - Fighting.Server.Games.GameMgr - Room Mgr is delay -2375 ms!
09:41:24,390 - [6] - WARN  - Fighting.Server.Games.GameMgr - Room Mgr is delay -3123 ms!
09:41:24,390 - [6] - WARN  - Fighting.Server.Games.GameMgr - Room Mgr is delay -2083 ms!
09:41:24,390 - [6] - WARN  - Fighting.Server.Games.GameMgr - Room Mgr is delay -1043 ms!
09:41:28,438 - [6] - INFO  - Game.Logic.BaseGame - Game.Logic.Actions.CheckPVPGameStateAction
09:41:28,480 - [6] - INFO  - Game.Logic.BaseGame - Game.Logic.Actions.WaitLivingAttackingAction
09:41:28,751 - [3] - INFO  - Game.Logic.BaseGame - Game.Logic.Actions.ProcessPacketAction
09:41:31,529 - [3] - INFO  - Game.Logic.BaseGame - Game.Logic.Actions.ProcessPacketAction
09:41:31,602 - [3] - INFO  - Game.Logic.BaseGame - Game.Logic.Actions.ProcessPacketAction
09:41:34,270 - [3] - INFO  - Game.Logic.BaseGame - Game.Logic.Actions.ProcessPacketAction
09:41:34,273 - [3] - INFO  - Game.Logic.BaseGame - Game.Logic.Actions.ProcessPacketAction
09:41:34,276 - [3] - INFO  - Game.Logic.BaseGame - Game.Logic.Actions.ProcessPacketAction
09:41:35,300 - [3] - INFO  - Game.Logic.BaseGame - Game.Logic.Actions.ProcessPacketAction
09:41:36,306 - [3] - INFO  - Game.Logic.BaseGame - Game.Logic.Actions.ProcessPacketAction
09:41:42,508 - [6] - INFO  - Game.Logic.BaseGame - Game.Logic.Actions.CheckPVPGameStateAction
09:41:42,557 - [6] - INFO  - Game.Logic.BaseGame - Game.Logic.Actions.WaitLivingAttackingAction
09:41:42,822 - [3] - INFO  - Game.Logic.BaseGame - Game.Logic.Actions.ProcessPacketAction
09:41:45,702 - [3] - INFO  - Game.Logic.BaseGame - Game.Logic.Actions.ProcessPacketAction
09:41:45,932 - [3] - INFO  - Game.Logic.BaseGame - Game.Logic.Actions.ProcessPacketAction
09:41:46,450 - [3] - INFO  - Game.Logic.BaseGame - Game.Logic.Actions.ProcessPacketAction
09:41:47,502 - [3] - INFO  - Game.Logic.BaseGame - Game.Logic.Actions.ProcessPacketAction
09:41:47,506 - [3] - INFO  - Game.Logic.BaseGame - Game.Logic.Actions.ProcessPacketAction
09:41:47,514 - [3] - INFO  - Game.Logic.BaseGame - Game.Logic.Actions.ProcessPacketAction
09:41:49,775 - [6] - INFO  - Game.Logic.BaseGame - Game.Logic.Actions.CheckPVPGameStateAction
09:41:49,822 - [6] - INFO  - Game.Logic.BaseGame - Game.Logic.Actions.WaitLivingAttackingAction
09:41:50,100 - [3] - INFO  - Game.Logic.BaseGame - Game.Logic.Actions.ProcessPacketAction
09:41:55,215 - [3] - INFO  - Game.Logic.BaseGame - Game.Logic.Actions.ProcessPacketAction
09:41:55,290 - [3] - INFO  - Game.Logic.BaseGame - Game.Logic.Actions.ProcessPacketAction
09:41:58,016 - [3] - INFO  - Game.Logic.BaseGame - Game.Logic.Actions.ProcessPacketAction
09:41:58,019 - [3] - INFO  - Game.Logic.BaseGame - Game.Logic.Actions.ProcessPacketAction
09:41:58,023 - [3] - INFO  - Game.Logic.BaseGame - Game.Logic.Actions.ProcessPacketAction
09:41:59,027 - [3] - INFO  - Game.Logic.BaseGame - Game.Logic.Actions.ProcessPacketAction
09:42:00,066 - [3] - INFO  - Game.Logic.BaseGame - Game.Logic.Actions.ProcessPacketAction
09:42:00,583 - [3] - INFO  - Game.Logic.BaseGame - Game.Logic.Actions.ProcessPacketAction
09:42:05,757 - [6] - INFO  - Game.Logic.BaseGame - Game.Logic.Actions.CheckPVPGameStateAction
09:42:05,804 - [6] - INFO  - Game.Logic.BaseGame - Game.Logic.Actions.WaitLivingAttackingAction
09:42:06,051 - [3] - INFO  - Game.Logic.BaseGame - Game.Logic.Actions.ProcessPacketAction
09:42:08,533 - [3] - INFO  - Game.Logic.BaseGame - Game.Logic.Actions.ProcessPacketAction
09:42:09,566 - [3] - INFO  - Game.Logic.BaseGame - Game.Logic.Actions.ProcessPacketAction
09:42:10,341 - [3] - INFO  - Game.Logic.BaseGame - Game.Logic.Actions.ProcessPacketAction
09:42:10,379 - [3] - INFO  - Game.Logic.BaseGame - Game.Logic.Actions.ProcessPacketAction
09:42:10,828 - [3] - INFO  - Game.Logic.BaseGame - Game.Logic.Actions.ProcessPacketAction
09:42:10,833 - [3] - INFO  - Game.Logic.BaseGame - Game.Logic.Actions.ProcessPacketAction
09:42:10,833 - [3] - INFO  - Game.Logic.BaseGame - Game.Logic.Actions.ProcessPacketAction
09:42:11,849 - [3] - INFO  - Game.Logic.BaseGame - Game.Logic.Actions.ProcessPacketAction
09:42:12,849 - [3] - INFO  - Game.Logic.BaseGame - Ga